[2024-07-23 06:53:02] local.ERROR: Could not check compatibility between App\Filament\Auth\Register::form(App\Filament\Auth\Form $form): App\Filament\Auth\Form and Filament\Pages\Auth\Register::form(Filament\Forms\Form $form): Filament\Forms\Form, because class App\Filament\Auth\Form is not available {"exception":"[object] (Symfony\\Component\\ErrorHandler\\Error\\FatalError(code: 0): Could not check compatibility between App\\Filament\\Auth\\Register::form(App\\Filament\\Auth\\Form $form): App\\Filament\\Auth\\Form and Filament\\Pages\\Auth\\Register::form(Filament\\Forms\\Form $form): Filament\\Forms\\Form, because class App\\Filament\\Auth\\Form is not available at /var/www/html/ballon/app/Filament/Auth/Register.php:10)
[stacktrace]
#0 {main}
"} 
[2024-07-23 07:04:39] local.ERROR: Connection could not be established with host "mailpit:1025": stream_socket_client(): php_network_getaddresses: getaddrinfo for mailpit failed: Name or service not known {"exception":"[object] (Symfony\\Component\\Mailer\\Exception\\TransportException(code: 0): Connection could not be established with host \"mailpit:1025\": stream_socket_client(): php_network_getaddresses: getaddrinfo for mailpit failed: Name or service not known at /var/www/html/ballon/vendor/symfony/mailer/Transport/Smtp/Stream/SocketStream.php:154)
[stacktrace]
#0 [internal function]: Symfony\\Component\\Mailer\\Transport\\Smtp\\Stream\\SocketStream->Symfony\\Component\\Mailer\\Transport\\Smtp\\Stream\\{closure}()
#1 /var/www/html/ballon/vendor/symfony/mailer/Transport/Smtp/Stream/SocketStream.php(157): stream_socket_client()
#2 /var/www/html/ballon/vendor/symfony/mailer/Transport/Smtp/SmtpTransport.php(276): Symfony\\Component\\Mailer\\Transport\\Smtp\\Stream\\SocketStream->initialize()
#3 /var/www/html/ballon/vendor/symfony/mailer/Transport/Smtp/SmtpTransport.php(214): Symfony\\Component\\Mailer\\Transport\\Smtp\\SmtpTransport->start()
#4 /var/www/html/ballon/vendor/symfony/mailer/Transport/AbstractTransport.php(69): Symfony\\Component\\Mailer\\Transport\\Smtp\\SmtpTransport->doSend()
#5 /var/www/html/ballon/vendor/symfony/mailer/Transport/Smtp/SmtpTransport.php(138): Symfony\\Component\\Mailer\\Transport\\AbstractTransport->send()
#6 /var/www/html/ballon/vendor/laravel/framework/src/Illuminate/Mail/Mailer.php(573): Symfony\\Component\\Mailer\\Transport\\Smtp\\SmtpTransport->send()
#7 /var/www/html/ballon/vendor/laravel/framework/src/Illuminate/Mail/Mailer.php(335): Illuminate\\Mail\\Mailer->sendSymfonyMessage()
#8 /var/www/html/ballon/vendor/laravel/framework/src/Illuminate/Notifications/Channels/MailChannel.php(66): Illuminate\\Mail\\Mailer->send()
#9 /var/www/html/ballon/vendor/laravel/framework/src/Illuminate/Notifications/NotificationSender.php(148): Illuminate\\Notifications\\Channels\\MailChannel->send()
#10 /var/www/html/ballon/vendor/laravel/framework/src/Illuminate/Notifications/NotificationSender.php(106): Illuminate\\Notifications\\NotificationSender->sendToNotifiable()
#11 /var/www/html/ballon/vendor/laravel/framework/src/Illuminate/Support/Traits/Localizable.php(19): Illuminate\\Notifications\\NotificationSender->Illuminate\\Notifications\\{closure}()
#12 /var/www/html/ballon/vendor/laravel/framework/src/Illuminate/Notifications/NotificationSender.php(101): Illuminate\\Notifications\\NotificationSender->withLocale()
#13 /var/www/html/ballon/vendor/laravel/framework/src/Illuminate/Notifications/ChannelManager.php(54): Illuminate\\Notifications\\NotificationSender->sendNow()
#14 /var/www/html/ballon/vendor/laravel/framework/src/Illuminate/Notifications/SendQueuedNotifications.php(119): Illuminate\\Notifications\\ChannelManager->sendNow()
#15 /var/www/html/ballon/vendor/laravel/framework/src/Illuminate/Container/BoundMethod.php(36): Illuminate\\Notifications\\SendQueuedNotifications->handle()
#16 /var/www/html/ballon/vendor/laravel/framework/src/Illuminate/Container/Util.php(41): Illuminate\\Container\\BoundMethod::Illuminate\\Container\\{closure}()
#17 /var/www/html/ballon/vendor/laravel/framework/src/Illuminate/Container/BoundMethod.php(93): Illuminate\\Container\\Util::unwrapIfClosure()
#18 /var/www/html/ballon/vendor/laravel/framework/src/Illuminate/Container/BoundMethod.php(35): Illuminate\\Container\\BoundMethod::callBoundMethod()
#19 /var/www/html/ballon/vendor/laravel/framework/src/Illuminate/Container/Container.php(662): Illuminate\\Container\\BoundMethod::call()
#20 /var/www/html/ballon/vendor/laravel/framework/src/Illuminate/Bus/Dispatcher.php(128): Illuminate\\Container\\Container->call()
#21 /var/www/html/ballon/vendor/laravel/framework/src/Illuminate/Pipeline/Pipeline.php(144): Illuminate\\Bus\\Dispatcher->Illuminate\\Bus\\{closure}()
#22 /var/www/html/ballon/vendor/laravel/framework/src/Illuminate/Pipeline/Pipeline.php(119): Illuminate\\Pipeline\\Pipeline->Illuminate\\Pipeline\\{closure}()
#23 /var/www/html/ballon/vendor/laravel/framework/src/Illuminate/Bus/Dispatcher.php(132): Illuminate\\Pipeline\\Pipeline->then()
#24 /var/www/html/ballon/vendor/laravel/framework/src/Illuminate/Queue/CallQueuedHandler.php(123): Illuminate\\Bus\\Dispatcher->dispatchNow()
#25 /var/www/html/ballon/vendor/laravel/framework/src/Illuminate/Pipeline/Pipeline.php(144): Illuminate\\Queue\\CallQueuedHandler->Illuminate\\Queue\\{closure}()
#26 /var/www/html/ballon/vendor/laravel/framework/src/Illuminate/Pipeline/Pipeline.php(119): Illuminate\\Pipeline\\Pipeline->Illuminate\\Pipeline\\{closure}()
#27 /var/www/html/ballon/vendor/laravel/framework/src/Illuminate/Queue/CallQueuedHandler.php(122): Illuminate\\Pipeline\\Pipeline->then()
#28 /var/www/html/ballon/vendor/laravel/framework/src/Illuminate/Queue/CallQueuedHandler.php(70): Illuminate\\Queue\\CallQueuedHandler->dispatchThroughMiddleware()
#29 /var/www/html/ballon/vendor/laravel/framework/src/Illuminate/Queue/Jobs/Job.php(102): Illuminate\\Queue\\CallQueuedHandler->call()
#30 /var/www/html/ballon/vendor/laravel/framework/src/Illuminate/Queue/SyncQueue.php(43): Illuminate\\Queue\\Jobs\\Job->fire()
#31 /var/www/html/ballon/vendor/laravel/framework/src/Illuminate/Bus/Dispatcher.php(254): Illuminate\\Queue\\SyncQueue->push()
#32 /var/www/html/ballon/vendor/laravel/framework/src/Illuminate/Bus/Dispatcher.php(230): Illuminate\\Bus\\Dispatcher->pushCommandToQueue()
#33 /var/www/html/ballon/vendor/laravel/framework/src/Illuminate/Bus/Dispatcher.php(77): Illuminate\\Bus\\Dispatcher->dispatchToQueue()
#34 /var/www/html/ballon/vendor/laravel/framework/src/Illuminate/Notifications/NotificationSender.php(229): Illuminate\\Bus\\Dispatcher->dispatch()
#35 /var/www/html/ballon/vendor/laravel/framework/src/Illuminate/Notifications/NotificationSender.php(76): Illuminate\\Notifications\\NotificationSender->queueNotification()
#36 /var/www/html/ballon/vendor/laravel/framework/src/Illuminate/Notifications/ChannelManager.php(39): Illuminate\\Notifications\\NotificationSender->send()
#37 /var/www/html/ballon/vendor/laravel/framework/src/Illuminate/Notifications/RoutesNotifications.php(18): Illuminate\\Notifications\\ChannelManager->send()
#38 /var/www/html/ballon/app/Models/User.php(62): App\\Models\\User->notify()
#39 /var/www/html/ballon/vendor/laravel/framework/src/Illuminate/Events/Dispatcher.php(458): App\\Models\\User::App\\Models\\{closure}()
#40 /var/www/html/ballon/vendor/laravel/framework/src/Illuminate/Events/Dispatcher.php(286): Illuminate\\Events\\Dispatcher->Illuminate\\Events\\{closure}()
#41 /var/www/html/ballon/vendor/laravel/framework/src/Illuminate/Events/Dispatcher.php(266): Illuminate\\Events\\Dispatcher->invokeListeners()
#42 /var/www/html/ballon/vendor/laravel/framework/src/Illuminate/Database/Eloquent/Concerns/HasEvents.php(215): Illuminate\\Events\\Dispatcher->dispatch()
#43 /var/www/html/ballon/vendor/laravel/framework/src/Illuminate/Database/Eloquent/Model.php(1319): Illuminate\\Database\\Eloquent\\Model->fireModelEvent()
#44 /var/www/html/ballon/vendor/laravel/framework/src/Illuminate/Database/Eloquent/Model.php(1137): Illuminate\\Database\\Eloquent\\Model->performInsert()
#45 /var/www/html/ballon/vendor/laravel/framework/src/Illuminate/Database/Eloquent/Builder.php(1024): Illuminate\\Database\\Eloquent\\Model->save()
#46 /var/www/html/ballon/vendor/laravel/framework/src/Illuminate/Support/helpers.php(307): Illuminate\\Database\\Eloquent\\Builder->Illuminate\\Database\\Eloquent\\{closure}()
#47 /var/www/html/ballon/vendor/laravel/framework/src/Illuminate/Database/Eloquent/Builder.php(1023): tap()
#48 /var/www/html/ballon/vendor/laravel/framework/src/Illuminate/Support/Traits/ForwardsCalls.php(23): Illuminate\\Database\\Eloquent\\Builder->create()
#49 /var/www/html/ballon/vendor/laravel/framework/src/Illuminate/Database/Eloquent/Model.php(2334): Illuminate\\Database\\Eloquent\\Model->forwardCallTo()
#50 /var/www/html/ballon/vendor/laravel/framework/src/Illuminate/Database/Eloquent/Model.php(2346): Illuminate\\Database\\Eloquent\\Model->__call()
#51 /var/www/html/ballon/vendor/filament/filament/src/Pages/Auth/Register.php(82): Illuminate\\Database\\Eloquent\\Model::__callStatic()
#52 /var/www/html/ballon/vendor/filament/filament/src/Pages/Concerns/CanUseDatabaseTransactions.php(48): Filament\\Pages\\Auth\\Register->Filament\\Pages\\Auth\\{closure}()
#53 /var/www/html/ballon/vendor/filament/filament/src/Pages/Auth/Register.php(79): Filament\\Pages\\Auth\\Register->wrapInDatabaseTransaction()
#54 /var/www/html/ballon/vendor/laravel/framework/src/Illuminate/Container/BoundMethod.php(36): Filament\\Pages\\Auth\\Register->register()
#55 /var/www/html/ballon/vendor/laravel/framework/src/Illuminate/Container/Util.php(41): Illuminate\\Container\\BoundMethod::Illuminate\\Container\\{closure}()
#56 /var/www/html/ballon/vendor/laravel/framework/src/Illuminate/Container/BoundMethod.php(93): Illuminate\\Container\\Util::unwrapIfClosure()
#57 /var/www/html/ballon/vendor/laravel/framework/src/Illuminate/Container/BoundMethod.php(35): Illuminate\\Container\\BoundMethod::callBoundMethod()
#58 /var/www/html/ballon/vendor/livewire/livewire/src/Wrapped.php(23): Illuminate\\Container\\BoundMethod::call()
#59 /var/www/html/ballon/vendor/livewire/livewire/src/Mechanisms/HandleComponents/HandleComponents.php(467): Livewire\\Wrapped->__call()
#60 /var/www/html/ballon/vendor/livewire/livewire/src/Mechanisms/HandleComponents/HandleComponents.php(99): Livewire\\Mechanisms\\HandleComponents\\HandleComponents->callMethods()
#61 /var/www/html/ballon/vendor/livewire/livewire/src/LivewireManager.php(96): Livewire\\Mechanisms\\HandleComponents\\HandleComponents->update()
#62 /var/www/html/ballon/vendor/livewire/livewire/src/Mechanisms/HandleRequests/HandleRequests.php(89): Livewire\\LivewireManager->update()
#63 /var/www/html/ballon/vendor/laravel/framework/src/Illuminate/Routing/ControllerDispatcher.php(46): Livewire\\Mechanisms\\HandleRequests\\HandleRequests->handleUpdate()
#64 /var/www/html/ballon/vendor/laravel/framework/src/Illuminate/Routing/Route.php(259): Illuminate\\Routing\\ControllerDispatcher->dispatch()
#65 /var/www/html/ballon/vendor/laravel/framework/src/Illuminate/Routing/Route.php(205): Illuminate\\Routing\\Route->runController()
#66 /var/www/html/ballon/vendor/laravel/framework/src/Illuminate/Routing/Router.php(806): Illuminate\\Routing\\Route->run()
#67 /var/www/html/ballon/vendor/laravel/framework/src/Illuminate/Pipeline/Pipeline.php(144): Illuminate\\Routing\\Router->Illuminate\\Routing\\{closure}()
#68 /var/www/html/ballon/vendor/laravel/framework/src/Illuminate/Routing/Middleware/SubstituteBindings.php(50): Illuminate\\Pipeline\\Pipeline->Illuminate\\Pipeline\\{closure}()
#69 /var/www/html/ballon/vendor/laravel/framework/src/Illuminate/Pipeline/Pipeline.php(183): Illuminate\\Routing\\Middleware\\SubstituteBindings->handle()
#70 /var/www/html/ballon/vendor/laravel/framework/src/Illuminate/Foundation/Http/Middleware/VerifyCsrfToken.php(78): Illuminate\\Pipeline\\Pipeline->Illuminate\\Pipeline\\{closure}()
#71 /var/www/html/ballon/vendor/laravel/framework/src/Illuminate/Pipeline/Pipeline.php(183): Illuminate\\Foundation\\Http\\Middleware\\VerifyCsrfToken->handle()
#72 /var/www/html/ballon/vendor/laravel/framework/src/Illuminate/View/Middleware/ShareErrorsFromSession.php(49): Illuminate\\Pipeline\\Pipeline->Illuminate\\Pipeline\\{closure}()
#73 /var/www/html/ballon/vendor/laravel/framework/src/Illuminate/Pipeline/Pipeline.php(183): Illuminate\\View\\Middleware\\ShareErrorsFromSession->handle()
#74 /var/www/html/ballon/vendor/laravel/framework/src/Illuminate/Session/Middleware/StartSession.php(121): Illuminate\\Pipeline\\Pipeline->Illuminate\\Pipeline\\{closure}()
#75 /var/www/html/ballon/vendor/laravel/framework/src/Illuminate/Session/Middleware/StartSession.php(64): Illuminate\\Session\\Middleware\\StartSession->handleStatefulRequest()
#76 /var/www/html/ballon/vendor/laravel/framework/src/Illuminate/Pipeline/Pipeline.php(183): Illuminate\\Session\\Middleware\\StartSession->handle()
#77 /var/www/html/ballon/vendor/laravel/framework/src/Illuminate/Cookie/Middleware/AddQueuedCookiesToResponse.php(37): Illuminate\\Pipeline\\Pipeline->Illuminate\\Pipeline\\{closure}()
#78 /var/www/html/ballon/vendor/laravel/framework/src/Illuminate/Pipeline/Pipeline.php(183): Illuminate\\Cookie\\Middleware\\AddQueuedCookiesToResponse->handle()
#79 /var/www/html/ballon/vendor/laravel/framework/src/Illuminate/Cookie/Middleware/EncryptCookies.php(67): Illuminate\\Pipeline\\Pipeline->Illuminate\\Pipeline\\{closure}()
#80 /var/www/html/ballon/vendor/laravel/framework/src/Illuminate/Pipeline/Pipeline.php(183): Illuminate\\Cookie\\Middleware\\EncryptCookies->handle()
#81 /var/www/html/ballon/vendor/laravel/framework/src/Illuminate/Pipeline/Pipeline.php(119): Illuminate\\Pipeline\\Pipeline->Illuminate\\Pipeline\\{closure}()
#82 /var/www/html/ballon/vendor/laravel/framework/src/Illuminate/Routing/Router.php(805): Illuminate\\Pipeline\\Pipeline->then()
#83 /var/www/html/ballon/vendor/laravel/framework/src/Illuminate/Routing/Router.php(784): Illuminate\\Routing\\Router->runRouteWithinStack()
#84 /var/www/html/ballon/vendor/laravel/framework/src/Illuminate/Routing/Router.php(748): Illuminate\\Routing\\Router->runRoute()
#85 /var/www/html/ballon/vendor/laravel/framework/src/Illuminate/Routing/Router.php(737): Illuminate\\Routing\\Router->dispatchToRoute()
#86 /var/www/html/ballon/vendor/laravel/framework/src/Illuminate/Foundation/Http/Kernel.php(200): Illuminate\\Routing\\Router->dispatch()
#87 /var/www/html/ballon/vendor/laravel/framework/src/Illuminate/Pipeline/Pipeline.php(144): Illuminate\\Foundation\\Http\\Kernel->Illuminate\\Foundation\\Http\\{closure}()
#88 /var/www/html/ballon/vendor/livewire/livewire/src/Features/SupportDisablingBackButtonCache/DisableBackButtonCacheMiddleware.php(19): Illuminate\\Pipeline\\Pipeline->Illuminate\\Pipeline\\{closure}()
#89 /var/www/html/ballon/vendor/laravel/framework/src/Illuminate/Pipeline/Pipeline.php(183): Livewire\\Features\\SupportDisablingBackButtonCache\\DisableBackButtonCacheMiddleware->handle()
#90 /var/www/html/ballon/vendor/barryvdh/laravel-debugbar/src/Middleware/InjectDebugbar.php(59): Illuminate\\Pipeline\\Pipeline->Illuminate\\Pipeline\\{closure}()
#91 /var/www/html/ballon/vendor/laravel/framework/src/Illuminate/Pipeline/Pipeline.php(183): Barryvdh\\Debugbar\\Middleware\\InjectDebugbar->handle()
#92 /var/www/html/ballon/vendor/laravel/framework/src/Illuminate/Foundation/Http/Middleware/ConvertEmptyStringsToNull.php(27): Illuminate\\Pipeline\\Pipeline->Illuminate\\Pipeline\\{closure}()
#93 /var/www/html/ballon/vendor/laravel/framework/src/Illuminate/Pipeline/Pipeline.php(183): Illuminate\\Foundation\\Http\\Middleware\\ConvertEmptyStringsToNull->handle()
#94 /var/www/html/ballon/vendor/laravel/framework/src/Illuminate/Foundation/Http/Middleware/TrimStrings.php(36): Illuminate\\Pipeline\\Pipeline->Illuminate\\Pipeline\\{closure}()
#95 /var/www/html/ballon/vendor/laravel/framework/src/Illuminate/Pipeline/Pipeline.php(183): Illuminate\\Foundation\\Http\\Middleware\\TrimStrings->handle()
#96 /var/www/html/ballon/vendor/laravel/framework/src/Illuminate/Foundation/Http/Middleware/ValidatePostSize.php(27): Illuminate\\Pipeline\\Pipeline->Illuminate\\Pipeline\\{closure}()
#97 /var/www/html/ballon/vendor/laravel/framework/src/Illuminate/Pipeline/Pipeline.php(183): Illuminate\\Foundation\\Http\\Middleware\\ValidatePostSize->handle()
#98 /var/www/html/ballon/vendor/laravel/framework/src/Illuminate/Foundation/Http/Middleware/PreventRequestsDuringMaintenance.php(99): Illuminate\\Pipeline\\Pipeline->Illuminate\\Pipeline\\{closure}()
#99 /var/www/html/ballon/vendor/laravel/framework/src/Illuminate/Pipeline/Pipeline.php(183): Illuminate\\Foundation\\Http\\Middleware\\PreventRequestsDuringMaintenance->handle()
#100 /var/www/html/ballon/vendor/laravel/framework/src/Illuminate/Http/Middleware/HandleCors.php(49): Illuminate\\Pipeline\\Pipeline->Illuminate\\Pipeline\\{closure}()
#101 /var/www/html/ballon/vendor/laravel/framework/src/Illuminate/Pipeline/Pipeline.php(183): Illuminate\\Http\\Middleware\\HandleCors->handle()
#102 /var/www/html/ballon/vendor/laravel/framework/src/Illuminate/Http/Middleware/TrustProxies.php(39): Illuminate\\Pipeline\\Pipeline->Illuminate\\Pipeline\\{closure}()
#103 /var/www/html/ballon/vendor/laravel/framework/src/Illuminate/Pipeline/Pipeline.php(183): Illuminate\\Http\\Middleware\\TrustProxies->handle()
#104 /var/www/html/ballon/vendor/itsgoingd/clockwork/Clockwork/Support/Laravel/ClockworkMiddleware.php(24): Illuminate\\Pipeline\\Pipeline->Illuminate\\Pipeline\\{closure}()
#105 /var/www/html/ballon/vendor/laravel/framework/src/Illuminate/Pipeline/Pipeline.php(183): Clockwork\\Support\\Laravel\\ClockworkMiddleware->handle()
#106 /var/www/html/ballon/vendor/laravel/framework/src/Illuminate/Pipeline/Pipeline.php(119): Illuminate\\Pipeline\\Pipeline->Illuminate\\Pipeline\\{closure}()
#107 /var/www/html/ballon/vendor/laravel/framework/src/Illuminate/Foundation/Http/Kernel.php(175): Illuminate\\Pipeline\\Pipeline->then()
#108 /var/www/html/ballon/vendor/laravel/framework/src/Illuminate/Foundation/Http/Kernel.php(144): Illuminate\\Foundation\\Http\\Kernel->sendRequestThroughRouter()
#109 /var/www/html/ballon/public/index.php(51): Illuminate\\Foundation\\Http\\Kernel->handle()
#110 /var/www/html/ballon/vendor/laravel/framework/src/Illuminate/Foundation/resources/server.php(16): require_once('...')
#111 {main}
"} 
